2024-05-25 22:34:59,160 [INFO] Activator:176 - 


2024-05-25 22:34:59,162 [INFO] Activator:177 - !SESSION log4j initialized
2024-05-25 22:35:02,347 [INFO] LogOutputStream:77 - [STDOUT_REDIRECT] 
2024-05-25 22:35:09,409 [INFO] ApplicationProperties:184 - Using Application install path: C:\ST\STM32CubeIDE_1.14.1\STM32CubeIDE\plugins\com.st.stm32cube.common.mx_6.10.0.202311202037
2024-05-25 22:35:09,426 [INFO] DbMcusXml:78 - Set database path to: C:\ST\STM32CubeIDE_1.14.1\STM32CubeIDE\plugins\com.st.stm32cube.common.mx_6.10.0.202311202037\\db\/mcu/
2024-05-25 22:35:09,426 [INFO] ApiDb:274 - Set plugin database path to: C:\ST\STM32CubeIDE_1.14.1\STM32CubeIDE\plugins\com.st.stm32cube.common.mx_6.10.0.202311202037\\db\/plugins/boardmanager/
2024-05-25 22:35:09,428 [WARN] ApiDb:259 - Overriding images path with different value:  => C:\ST\STM32CubeIDE_1.14.1\STM32CubeIDE\plugins\com.st.stm32cube.common.mx_6.10.0.202311202037\\db\/plugins/mcufinder/images/
2024-05-25 22:35:09,439 [INFO] ApiDb:250 - Set database path to: C:\Users\gusta\.stmcufinder\plugins\mcufinder//mcu/
2024-05-25 22:35:09,442 [INFO] DbMcusAds:125 - Set database path to: C:\Users\gusta\.stmcufinder\plugins\mcufinder//mcu/
2024-05-25 22:35:09,443 [INFO] CrossReferenceDbSqlite:203 - Set database path to: C:\Users\gusta\.stmcufinder\plugins\mcufinder//mcu/cs/
2024-05-25 22:35:09,536 [INFO] RulesReader:64 - Compatibility file has been processed (297 Rules)
2024-05-25 22:35:09,617 [INFO] DbMcusXml:78 - Set database path to: C:\ST\STM32CubeIDE_1.14.1\STM32CubeIDE\plugins\com.st.stm32cube.common.mx_6.10.0.202311202037\\db\/mcu/
2024-05-25 22:35:09,617 [INFO] ApiDb:274 - Set plugin database path to: C:\ST\STM32CubeIDE_1.14.1\STM32CubeIDE\plugins\com.st.stm32cube.common.mx_6.10.0.202311202037\\db\/plugins/boardmanager/
2024-05-25 22:35:09,617 [INFO] ApiDb:261 - Set plugin images path to: C:\ST\STM32CubeIDE_1.14.1\STM32CubeIDE\plugins\com.st.stm32cube.common.mx_6.10.0.202311202037\\db\/plugins/mcufinder/images/
2024-05-25 22:35:09,617 [WARN] DbFile:41 - Overriding database path with different value: C:\Users\gusta\.stmcufinder\plugins\mcufinder/ => C:\Users\gusta\.stmcufinder\plugins\mcufinder
2024-05-25 22:35:09,617 [INFO] ApiDb:250 - Set database path to: C:\Users\gusta\.stmcufinder\plugins\mcufinder//mcu/
2024-05-25 22:35:09,617 [WARN] DbFile:41 - Overriding database path with different value: C:\Users\gusta\.stmcufinder\plugins\mcufinder/ => C:\Users\gusta\.stmcufinder\plugins\mcufinder
2024-05-25 22:35:09,617 [INFO] DbMcusAds:125 - Set database path to: C:\Users\gusta\.stmcufinder\plugins\mcufinder//mcu/
2024-05-25 22:35:09,617 [WARN] DbFile:41 - Overriding database path with different value: C:\Users\gusta\.stmcufinder\plugins\mcufinder/ => C:\Users\gusta\.stmcufinder\plugins\mcufinder
2024-05-25 22:35:09,617 [WARN] DbFile:41 - Overriding database path with different value: C:\Users\gusta\.stmcufinder\plugins\mcufinder/ => C:\Users\gusta\.stmcufinder\plugins\mcufinder
2024-05-25 22:35:09,617 [INFO] CrossReferenceDbSqlite:203 - Set database path to: C:\Users\gusta\.stmcufinder\plugins\mcufinder//mcu/cs/
2024-05-25 22:35:09,693 [INFO] MainPanel:264 - HeapMemory: 268435456
2024-05-25 22:35:09,782 [INFO] DbMcusXml:78 - Set database path to: C:\ST\STM32CubeIDE_1.14.1\STM32CubeIDE\plugins\com.st.stm32cube.common.mx_6.10.0.202311202037\\db\/mcu/
2024-05-25 22:35:09,782 [INFO] ApiDb:274 - Set plugin database path to: C:\ST\STM32CubeIDE_1.14.1\STM32CubeIDE\plugins\com.st.stm32cube.common.mx_6.10.0.202311202037\\db\/plugins/boardmanager/
2024-05-25 22:35:09,782 [INFO] ApiDb:261 - Set plugin images path to: C:\ST\STM32CubeIDE_1.14.1\STM32CubeIDE\plugins\com.st.stm32cube.common.mx_6.10.0.202311202037\\db\/plugins/mcufinder/images/
2024-05-25 22:35:09,782 [WARN] DbFile:41 - Overriding database path with different value: C:\Users\gusta\.stmcufinder\plugins\mcufinder/ => C:\Users\gusta\.stmcufinder\plugins\mcufinder
2024-05-25 22:35:09,782 [INFO] ApiDb:250 - Set database path to: C:\Users\gusta\.stmcufinder\plugins\mcufinder//mcu/
2024-05-25 22:35:09,782 [WARN] DbFile:41 - Overriding database path with different value: C:\Users\gusta\.stmcufinder\plugins\mcufinder/ => C:\Users\gusta\.stmcufinder\plugins\mcufinder
2024-05-25 22:35:09,782 [INFO] DbMcusAds:125 - Set database path to: C:\Users\gusta\.stmcufinder\plugins\mcufinder//mcu/
2024-05-25 22:35:09,782 [WARN] DbFile:41 - Overriding database path with different value: C:\Users\gusta\.stmcufinder\plugins\mcufinder/ => C:\Users\gusta\.stmcufinder\plugins\mcufinder
2024-05-25 22:35:09,782 [WARN] DbFile:41 - Overriding database path with different value: C:\Users\gusta\.stmcufinder\plugins\mcufinder/ => C:\Users\gusta\.stmcufinder\plugins\mcufinder
2024-05-25 22:35:09,782 [INFO] CrossReferenceDbSqlite:203 - Set database path to: C:\Users\gusta\.stmcufinder\plugins\mcufinder//mcu/cs/
2024-05-25 22:35:09,799 [INFO] ApplicationProperties:184 - Using Application install path: C:\ST\STM32CubeIDE_1.14.1\STM32CubeIDE\plugins\com.st.stm32cube.common.mx_6.10.0.202311202037
2024-05-25 22:35:09,801 [INFO] PluginManage:196 - Search for loadable plugins [exclusion list=, ]
2024-05-25 22:35:09,802 [INFO] PluginManage:310 - Check plugin analytics
2024-05-25 22:35:14,916 [INFO] AnalyticsPlugin:253 - Accepted Software Licenses: STM32CubeMX.6.11.1
2024-05-25 22:35:14,916 [INFO] AnalyticsPlugin:255 - Accepted CMSIS Pack Licenses: 
2024-05-25 22:35:14,916 [INFO] AnalyticsPlugin:257 - Accepted Firmware Licenses: 
2024-05-25 22:35:14,919 [INFO] PluginManage:359 - Loaded plugin analytics (category:tool,tabindex:-1)
2024-05-25 22:35:14,920 [INFO] PluginManage:310 - Check plugin cadmodel
2024-05-25 22:35:14,936 [INFO] CADModel:105 - Init CAD model plugin
2024-05-25 22:35:14,936 [INFO] PluginManage:359 - Loaded plugin cadmodel (category:power,tabindex:5)
2024-05-25 22:35:14,937 [INFO] PluginManage:310 - Check plugin clock
2024-05-25 22:35:14,958 [INFO] PluginManage:359 - Loaded plugin clock (category:base,tabindex:2)
2024-05-25 22:35:14,958 [INFO] PluginManage:310 - Check plugin ddr
2024-05-25 22:35:14,960 [INFO] PluginManage:359 - Loaded plugin ddr (category:tool,tabindex:6)
2024-05-25 22:35:14,960 [INFO] PluginManage:310 - Check plugin filemanager
2024-05-25 22:35:15,092 [INFO] PluginManage:359 - Loaded plugin filemanager (category:base,tabindex:10)
2024-05-25 22:35:15,093 [INFO] PluginManage:310 - Check plugin ipmanager
2024-05-25 22:35:15,101 [INFO] PluginManage:359 - Loaded plugin ipmanager (category:base,tabindex:5)
2024-05-25 22:35:15,101 [INFO] PluginManage:310 - Check plugin lpbam
2024-05-25 22:35:15,118 [INFO] PluginManage:359 - Loaded plugin lpbam (category:base,tabindex:0)
2024-05-25 22:35:15,118 [INFO] PluginManage:310 - Check plugin memorymap
2024-05-25 22:35:15,140 [INFO] PluginManage:359 - Loaded plugin memorymap (category:base,tabindex:4)
2024-05-25 22:35:15,140 [INFO] PluginManage:310 - Check plugin pinoutandconfiguration
2024-05-25 22:35:15,158 [INFO] PluginManage:359 - Loaded plugin pinoutandconfiguration (category:base,tabindex:1)
2024-05-25 22:35:15,158 [INFO] PluginManage:310 - Check plugin pinoutconfig
2024-05-25 22:35:15,284 [WARN] SupportedApi:132 - Cannot load RTOS API schema: s4s-elt-must-match.1: The content of 'definitions' must match (annotation?, (simpleType | complexType)?, (unique | key | keyref)*)). A problem was found starting at: attribute.
2024-05-25 22:35:15,450 [INFO] PluginManage:359 - Loaded plugin pinoutconfig (category:base,tabindex:0)
2024-05-25 22:35:15,450 [INFO] PluginManage:310 - Check plugin power
2024-05-25 22:35:15,473 [INFO] PluginManage:359 - Loaded plugin power (category:power,tabindex:4)
2024-05-25 22:35:15,474 [INFO] PluginManage:310 - Check plugin projectmanager
2024-05-25 22:35:15,489 [INFO] PluginManage:359 - Loaded plugin projectmanager (category:projectmanager,tabindex:3)
2024-05-25 22:35:15,489 [INFO] PluginManage:310 - Check plugin thirdparty
2024-05-25 22:35:15,759 [INFO] PluginManage:359 - Loaded plugin thirdparty (category:base,tabindex:-1)
2024-05-25 22:35:15,759 [INFO] PluginManage:310 - Check plugin tools
2024-05-25 22:35:15,759 [WARN] IntegrityCheckThread:84 - waiting for thirdparty lock release [integrity check]
2024-05-25 22:35:15,759 [INFO] IntegrityCheckThread:86 - entering critical section [integrity check]
2024-05-25 22:35:15,760 [INFO] ThirdPartyUpdaterWithRetryManager:70 - Updater plugin not ready yet. [1/15]
2024-05-25 22:35:15,799 [INFO] PluginManage:359 - Loaded plugin tools (category:base,tabindex:7)
2024-05-25 22:35:15,800 [INFO] PluginManage:310 - Check plugin tutovideos
2024-05-25 22:35:15,977 [INFO] PluginManage:359 - Loaded plugin tutovideos (category:base,tabindex:-1)
2024-05-25 22:35:15,977 [INFO] PluginManage:310 - Check plugin updater
2024-05-25 22:35:15,988 [INFO] PluginManage:359 - Loaded plugin updater (category:base,tabindex:12)
2024-05-25 22:35:15,988 [INFO] PluginManage:310 - Check plugin userauth
2024-05-25 22:35:15,994 [INFO] UserAuth:114 - Init User Auth plugin
2024-05-25 22:35:15,994 [INFO] PluginManage:359 - Loaded plugin userauth (category:base,tabindex:14)
2024-05-25 22:35:15,995 [INFO] PluginManage:283 - PluginManage : Loaded plugins [17]
2024-05-25 22:35:16,207 [INFO] PinOutPanel:1499 - setPackage(No Configuration,No Configuration)
2024-05-25 22:35:16,284 [INFO] CADModel:165 - CPN selected for project level
2024-05-25 22:35:16,285 [INFO] CADModel:114 - Register for checkConnection events
2024-05-25 22:35:16,322 [INFO] IPUIPlugin:80 - create IPUIPlugin
2024-05-25 22:35:16,322 [INFO] PluginManager:220 - loadIPPluginJar : add adc
2024-05-25 22:35:16,365 [INFO] IPUIPlugin:80 - create IPUIPlugin
2024-05-25 22:35:16,365 [INFO] PluginManager:220 - loadIPPluginJar : add aes
2024-05-25 22:35:16,421 [INFO] IPUIPlugin:80 - create IPUIPlugin
2024-05-25 22:35:16,421 [INFO] PluginManager:220 - loadIPPluginJar : add can
2024-05-25 22:35:16,452 [INFO] IPUIPlugin:80 - create IPUIPlugin
2024-05-25 22:35:16,452 [INFO] PluginManager:220 - loadIPPluginJar : add comp
2024-05-25 22:35:16,496 [INFO] IPUIPlugin:80 - create IPUIPlugin
2024-05-25 22:35:16,498 [INFO] PluginManager:220 - loadIPPluginJar : add cryp
2024-05-25 22:35:16,536 [INFO] IPUIPlugin:80 - create IPUIPlugin
2024-05-25 22:35:16,536 [INFO] PluginManager:220 - loadIPPluginJar : add dfsdm
2024-05-25 22:35:16,554 [INFO] IPUIPlugin:80 - create IPUIPlugin
2024-05-25 22:35:16,554 [INFO] PluginManager:220 - loadIPPluginJar : add dma
2024-05-25 22:35:16,605 [INFO] IPUIPlugin:80 - create IPUIPlugin
2024-05-25 22:35:16,605 [INFO] PluginManager:220 - loadIPPluginJar : add dma3
2024-05-25 22:35:16,625 [INFO] IPUIPlugin:80 - create IPUIPlugin
2024-05-25 22:35:16,625 [INFO] PluginManager:220 - loadIPPluginJar : add fatfs
2024-05-25 22:35:16,672 [INFO] IPUIPlugin:80 - create IPUIPlugin
2024-05-25 22:35:16,673 [INFO] PluginManager:220 - loadIPPluginJar : add fmc
2024-05-25 22:35:16,687 [INFO] IPUIPlugin:80 - create IPUIPlugin
2024-05-25 22:35:16,687 [INFO] PluginManager:220 - loadIPPluginJar : add freertos
2024-05-25 22:35:16,708 [INFO] IPUIPlugin:80 - create IPUIPlugin
2024-05-25 22:35:16,709 [INFO] PluginManager:220 - loadIPPluginJar : add genericplugin
2024-05-25 22:35:16,798 [INFO] IPUIPlugin:80 - create IPUIPlugin
2024-05-25 22:35:16,798 [INFO] PluginManager:220 - loadIPPluginJar : add gfxmmu
2024-05-25 22:35:16,925 [INFO] IPUIPlugin:80 - create IPUIPlugin
2024-05-25 22:35:16,926 [INFO] PluginManager:220 - loadIPPluginJar : add gic
2024-05-25 22:35:16,940 [INFO] IPUIPlugin:80 - create IPUIPlugin
2024-05-25 22:35:16,940 [INFO] PluginManager:220 - loadIPPluginJar : add gpio
2024-05-25 22:35:17,032 [INFO] IPUIPlugin:80 - create IPUIPlugin
2024-05-25 22:35:17,032 [INFO] PluginManager:220 - loadIPPluginJar : add gtzc
2024-05-25 22:35:17,061 [INFO] IPUIPlugin:80 - create IPUIPlugin
2024-05-25 22:35:17,061 [INFO] PluginManager:220 - loadIPPluginJar : add hash
2024-05-25 22:35:17,112 [INFO] IPUIPlugin:80 - create IPUIPlugin
2024-05-25 22:35:17,112 [INFO] PluginManager:220 - loadIPPluginJar : add i2c
2024-05-25 22:35:17,147 [INFO] IPUIPlugin:80 - create IPUIPlugin
2024-05-25 22:35:17,147 [INFO] PluginManager:220 - loadIPPluginJar : add i2s
2024-05-25 22:35:17,198 [INFO] IPUIPlugin:80 - create IPUIPlugin
2024-05-25 22:35:17,198 [INFO] PluginManager:220 - loadIPPluginJar : add i3c
2024-05-25 22:35:17,322 [INFO] IPUIPlugin:80 - create IPUIPlugin
2024-05-25 22:35:17,322 [INFO] PluginManager:220 - loadIPPluginJar : add ipddr
2024-05-25 22:35:17,469 [INFO] IPUIPlugin:80 - create IPUIPlugin
2024-05-25 22:35:17,470 [INFO] PluginManager:220 - loadIPPluginJar : add linkedlist
2024-05-25 22:35:17,511 [INFO] IPUIPlugin:80 - create IPUIPlugin
2024-05-25 22:35:17,512 [INFO] PluginManager:220 - loadIPPluginJar : add lorawan
2024-05-25 22:35:17,557 [INFO] IPUIPlugin:80 - create IPUIPlugin
2024-05-25 22:35:17,557 [INFO] PluginManager:220 - loadIPPluginJar : add ltdc
2024-05-25 22:35:17,574 [INFO] IPUIPlugin:80 - create IPUIPlugin
2024-05-25 22:35:17,574 [INFO] PluginManager:220 - loadIPPluginJar : add mdma
2024-05-25 22:35:17,587 [INFO] IPUIPlugin:80 - create IPUIPlugin
2024-05-25 22:35:17,587 [INFO] PluginManager:220 - loadIPPluginJar : add nvic
2024-05-25 22:35:17,642 [INFO] IPUIPlugin:80 - create IPUIPlugin
2024-05-25 22:35:17,642 [INFO] PluginManager:220 - loadIPPluginJar : add opamp
2024-05-25 22:35:17,732 [INFO] IPUIPlugin:80 - create IPUIPlugin
2024-05-25 22:35:17,732 [INFO] PluginManager:220 - loadIPPluginJar : add openamp
2024-05-25 22:35:17,795 [INFO] IPUIPlugin:80 - create IPUIPlugin
2024-05-25 22:35:17,795 [INFO] PluginManager:220 - loadIPPluginJar : add pdm2pcm
2024-05-25 22:35:17,818 [INFO] IPUIPlugin:80 - create IPUIPlugin
2024-05-25 22:35:17,823 [INFO] PluginManager:220 - loadIPPluginJar : add plateformsettings
2024-05-25 22:35:17,858 [INFO] IPUIPlugin:80 - create IPUIPlugin
2024-05-25 22:35:17,858 [INFO] PluginManager:220 - loadIPPluginJar : add quadspi
2024-05-25 22:35:17,877 [INFO] IPUIPlugin:80 - create IPUIPlugin
2024-05-25 22:35:17,877 [INFO] PluginManager:220 - loadIPPluginJar : add resmgrutility
2024-05-25 22:35:17,943 [INFO] IPUIPlugin:80 - create IPUIPlugin
2024-05-25 22:35:17,943 [INFO] PluginManager:220 - loadIPPluginJar : add sai
2024-05-25 22:35:17,986 [INFO] IPUIPlugin:80 - create IPUIPlugin
2024-05-25 22:35:17,986 [INFO] PluginManager:220 - loadIPPluginJar : add spi
2024-05-25 22:35:18,056 [INFO] IPUIPlugin:80 - create IPUIPlugin
2024-05-25 22:35:18,056 [INFO] PluginManager:220 - loadIPPluginJar : add stm32_wpan
2024-05-25 22:35:18,079 [INFO] IPUIPlugin:80 - create IPUIPlugin
2024-05-25 22:35:18,079 [INFO] PluginManager:220 - loadIPPluginJar : add tim
2024-05-25 22:35:18,142 [INFO] IPUIPlugin:80 - create IPUIPlugin
2024-05-25 22:35:18,142 [INFO] PluginManager:220 - loadIPPluginJar : add touchsensing
2024-05-25 22:35:18,185 [INFO] IPUIPlugin:80 - create IPUIPlugin
2024-05-25 22:35:18,186 [INFO] PluginManager:220 - loadIPPluginJar : add tracer_emb
2024-05-25 22:35:18,225 [INFO] IPUIPlugin:80 - create IPUIPlugin
2024-05-25 22:35:18,225 [INFO] PluginManager:220 - loadIPPluginJar : add ts
